<?xml version="1.0" encoding="UTF-8"?>
<!-- Generated by org.testng.reporters.JUnitReportReporter -->
<testsuite skipped="0" hostname="ip-172-31-91-3" name="test.PostRequest" tests="1" failures="0" timestamp="03 Dec 2021 07:10:26 GMT" time="1.825" errors="0">
  <testcase name="PostCall" time="1.825" classname="test.PostRequest"/>
</testsuite> <!-- test.PostRequest -->
