<?xml version="1.0" encoding="UTF-8"?>
<!-- Generated by org.testng.reporters.JUnitReportReporter -->
<testsuite skipped="0" hostname="ip-172-31-91-3" name="test.GetRequest" tests="1" failures="0" timestamp="03 Dec 2021 07:09:34 GMT" time="1.586" errors="0">
  <testcase name="GetCall" time="1.586" classname="test.GetRequest"/>
</testsuite> <!-- test.GetRequest -->
